Content-Type: multipart/alternative;
 boundary="===============5734681453167658518=="
MIME-Version: 1.0
Subject: Test_6
From: Artem.Tarakanov2331@yandex.ru
To: artemtarakan72@gmail.com
Date: Mon, 10 Nov 2025 09:12:36 -0000
Message-ID: <176276595672.3096.15152353268955151007@mbh_artem>

--===============5734681453167658518==
Content-Type: text/html; charset="utf-8"
MIME-Version: 1.0
Content-Transfer-Encoding: 8bit


<!DOCTYPE html>
<html>
<head>
    <meta charset="utf-8">
    <title>Новая статья</title>
</head>
<body>
    <h2>Test_6</h2>
    <p>asdfghjkl;asdfghhkla</p>
    <p><strong>Здравствуй, artemtarakan72. Новая статья в твоём любимом разделе!</strong></p>
</body>
</html>
--===============5734681453167658518==--

-------------------------------------------------------------------------------
